TN:
SF:src/services/auth/AuthService.js
FN:5,AuthService
FN:11,login
FN:23,register
FNF:3
FNH:3
FNDA:1,AuthService
FNDA:1,login
FNDA:2,register
DA:1,1
DA:2,1
DA:3,1
DA:4,1
DA:5,1
DA:6,1
DA:7,1
DA:8,1
DA:9,1
DA:10,1
DA:11,1
DA:12,1
DA:13,1
DA:14,1
DA:15,1
DA:16,1
DA:17,1
DA:18,0
DA:19,0
DA:20,0
DA:21,0
DA:22,1
DA:23,1
DA:24,2
DA:25,2
DA:26,2
DA:27,1
DA:28,1
DA:29,1
DA:30,1
DA:31,1
DA:32,1
DA:33,1
DA:34,1
DA:35,1
DA:36,1
LF:36
LH:32
BRDA:5,0,0,1
BRDA:11,1,0,1
BRDA:18,2,0,0
BRDA:23,3,0,2
BRDA:26,4,0,1
BRF:5
BRH:4
end_of_record
TN:
SF:src/util/errors/userAlreadyExistsError.js
FN:2,UserAlreadyExistsError
FNF:1
FNH:1
FNDA:1,UserAlreadyExistsError
DA:1,1
DA:2,1
DA:3,1
DA:4,1
DA:5,1
DA:6,1
LF:6
LH:6
BRDA:2,0,0,1
BRF:1
BRH:1
end_of_record
TN:
SF:src/util/errors/userNotExistsError.js
FN:2,UserNotExistsError
FNF:1
FNH:1
FNDA:1,UserNotExistsError
DA:1,1
DA:2,1
DA:3,1
DA:4,1
DA:5,1
DA:6,1
LF:6
LH:6
BRDA:2,0,0,1
BRF:1
BRH:1
end_of_record
