TN:
SF:src/services/auth/AuthService.js
FN:6,AuthService
FN:10,generateAuthToken
FN:18,authenticate
FN:26,register
FNF:4
FNH:3
FNDA:1,AuthService
FNDA:1,generateAuthToken
FNDA:0,authenticate
FNDA:1,register
DA:1,1
DA:2,1
DA:3,1
DA:4,1
DA:5,1
DA:6,1
DA:7,1
DA:8,1
DA:9,1
DA:10,1
DA:11,1
DA:12,1
DA:13,1
DA:14,1
DA:15,1
DA:16,1
DA:17,1
DA:18,1
DA:19,0
DA:20,0
DA:21,0
DA:22,0
DA:23,0
DA:24,0
DA:25,1
DA:26,1
DA:27,1
DA:28,1
DA:29,1
DA:30,1
DA:31,1
DA:32,1
DA:33,1
LF:33
LH:27
BRDA:6,0,0,1
BRDA:10,1,0,1
BRDA:26,2,0,1
BRF:3
BRH:3
end_of_record
